# JRE version: Java(TM) SE Runtime Environment (8.0_311-b11) (build 1.8.0_311-b11)
# Java VM: Java HotSpot(TM) 64-Bit Server VM (25.311-b11 mixed mode windows-amd64 compressed oops)
Heap:
 PSYoungGen      total 36864K, used 24794K [0x00000000d6e00000, 0x00000000d9700000, 0x0000000100000000)
  eden space 31744K, 61% used [0x00000000d6e00000,0x00000000d8137220,0x00000000d8d00000)
  from space 5120K, 99% used [0x00000000d9200000,0x00000000d96ff658,0x00000000d9700000)
  to   space 5120K, 0% used [0x00000000d8d00000,0x00000000d8d00000,0x00000000d9200000)
 ParOldGen       total 60928K, used 9278K [0x0000000084a00000, 0x0000000088580000, 0x00000000d6e00000)
  object space 60928K, 15% used [0x0000000084a00000,0x000000008530fa40,0x0000000088580000)
 Metaspace       used 17733K, capacity 18276K, committed 18432K, reserved 1067008K
  class space    used 2122K, capacity 2290K, committed 2304K, reserved 1048576K
GC Heap History (6 events):
Event: 0.494 GC heap before
{Heap before GC invocations=1 (full 0):
 PSYoungGen      total 36864K, used 15258K [0x00000000d6e00000, 0x00000000d9700000, 0x0000000100000000)
  eden space 31744K, 48% used [0x00000000d6e00000,0x00000000d7ce69e8,0x00000000d8d00000)
  from space 5120K, 0% used [0x00000000d9200000,0x00000000d9200000,0x00000000d9700000)
  to   space 5120K, 0% used [0x00000000d8d00000,0x00000000d8d00000,0x00000000d9200000)
 ParOldGen       total 84992K, used 0K [0x0000000084a00000, 0x0000000089d00000, 0x00000000d6e00000)
  object space 84992K, 0% used [0x0000000084a00000,0x0000000084a00000,0x0000000089d00000)
 Metaspace       used 11642K, capacity 12084K, committed 12160K, reserved 1064960K
  class space    used 1481K, capacity 1626K, committed 1664K, reserved 1048576K
Event: 0.497 GC heap after
Heap after GC invocations=1 (full 0):
 PSYoungGen      total 36864K, used 3551K [0x00000000d6e00000, 0x00000000d9700000, 0x0000000100000000)
  eden space 31744K, 0% used [0x00000000d6e00000,0x00000000d6e00000,0x00000000d8d00000)
  from space 5120K, 69% used [0x00000000d8d00000,0x00000000d9077f60,0x00000000d9200000)
  to   space 5120K, 0% used [0x00000000d9200000,0x00000000d9200000,0x00000000d9700000)
 ParOldGen       total 84992K, used 80K [0x0000000084a00000, 0x0000000089d00000, 0x00000000d6e00000)
  object space 84992K, 0% used [0x0000000084a00000,0x0000000084a14010,0x0000000089d00000)
 Metaspace       used 11642K, capacity 12084K, committed 12160K, reserved 1064960K
  class space    used 1481K, capacity 1626K, committed 1664K, reserved 1048576K
}
Event: 0.497 GC heap before
{Heap before GC invocations=2 (full 1):
 PSYoungGen      total 36864K, used 3551K [0x00000000d6e00000, 0x00000000d9700000, 0x0000000100000000)
  eden space 31744K, 0% used [0x00000000d6e00000,0x00000000d6e00000,0x00000000d8d00000)
  from space 5120K, 69% used [0x00000000d8d00000,0x00000000d9077f60,0x00000000d9200000)
  to   space 5120K, 0% used [0x00000000d9200000,0x00000000d9200000,0x00000000d9700000)
 ParOldGen       total 84992K, used 80K [0x0000000084a00000, 0x0000000089d00000, 0x00000000d6e00000)
  object space 84992K, 0% used [0x0000000084a00000,0x0000000084a14010,0x0000000089d00000)
 Metaspace       used 11642K, capacity 12084K, committed 12160K, reserved 1064960K
  class space    used 1481K, capacity 1626K, committed 1664K, reserved 1048576K
Event: 0.508 GC heap after
Heap after GC invocations=2 (full 1):
 PSYoungGen      total 36864K, used 0K [0x00000000d6e00000, 0x00000000d9700000, 0x0000000100000000)
  eden space 31744K, 0% used [0x00000000d6e00000,0x00000000d6e00000,0x00000000d8d00000)
  from space 5120K, 0% used [0x00000000d8d00000,0x00000000d8d00000,0x00000000d9200000)
  to   space 5120K, 0% used [0x00000000d9200000,0x00000000d9200000,0x00000000d9700000)
 ParOldGen       total 60928K, used 3457K [0x0000000084a00000, 0x0000000088580000, 0x00000000d6e00000)
  object space 60928K, 5% used [0x0000000084a00000,0x0000000084d607c8,0x0000000088580000)
 Metaspace       used 11642K, capacity 12084K, committed 12160K, reserved 1062912K
  class space    used 1481K, capacity 1626K, committed 1664K, reserved 1048576K
}
Event: 0.878 GC heap before
{Heap before GC invocations=3 (full 1):
 PSYoungGen      total 36864K, used 31744K [0x00000000d6e00000, 0x00000000d9700000, 0x0000000100000000)
  eden space 31744K, 100% used [0x00000000d6e00000,0x00000000d8d00000,0x00000000d8d00000)
  from space 5120K, 0% used [0x00000000d8d00000,0x00000000d8d00000,0x00000000d9200000)
  to   space 5120K, 0% used [0x00000000d9200000,0x00000000d9200000,0x00000000d9700000)
 ParOldGen       total 60928K, used 3457K [0x0000000084a00000, 0x0000000088580000, 0x00000000d6e00000)
  object space 60928K, 5% used [0x0000000084a00000,0x0000000084d607c8,0x0000000088580000)
 Metaspace       used 17624K, capacity 18212K, committed 18432K, reserved 1067008K
  class space    used 2119K, capacity 2290K, committed 2304K, reserved 1048576K
Event: 0.884 GC heap after
Heap after GC invocations=3 (full 1):
 PSYoungGen      total 36864K, used 5117K [0x00000000d6e00000, 0x00000000d9700000, 0x0000000100000000)
  eden space 31744K, 0% used [0x00000000d6e00000,0x00000000d6e00000,0x00000000d8d00000)
  from space 5120K, 99% used [0x00000000d9200000,0x00000000d96ff658,0x00000000d9700000)
  to   space 5120K, 0% used [0x00000000d8d00000,0x00000000d8d00000,0x00000000d9200000)
 ParOldGen       total 60928K, used 9278K [0x0000000084a00000, 0x0000000088580000, 0x00000000d6e00000)
  object space 60928K, 15% used [0x0000000084a00000,0x000000008530fa40,0x0000000088580000)
 Metaspace       used 17624K, capacity 18212K, committed 18432K, reserved 1067008K
  class space    used 2119K, capacity 2290K, committed 2304K, reserved 1048576K
}

